<?xml version="1.0" encoding="UTF-8"?>
<!-- Generated by org.testng.reporters.JUnitReportReporter -->
<testsuite skipped="0" hostname="MD-LAP-019" name="frameworkLibrary.Exec" tests="1" failures="0" timestamp="28 Feb 2018 15:18:45 GMT" time="133.771" errors="0">
  <testcase name="execute" time="133.771" classname="frameworkLibrary.Exec"/>
</testsuite> <!-- frameworkLibrary.Exec -->
