<?xml version="1.0" encoding="UTF-8"?>
<!-- Generated by org.testng.reporters.JUnitReportReporter -->
<testsuite skipped="0" hostname="MD-LAP-017" name="frameworkLibrary.Exec" tests="1" failures="0" timestamp="28 Feb 2018 10:08:44 GMT" time="519.749" errors="0">
  <testcase name="execute" time="519.749" classname="frameworkLibrary.Exec"/>
</testsuite> <!-- frameworkLibrary.Exec -->
