<?xml version="1.0" encoding="UTF-8"?>
<!-- Generated by org.testng.reporters.JUnitReportReporter -->
<testsuite skipped="0" hostname="MD-LAP-019" name="frameworkLibrary.Exec" tests="1" failures="0" timestamp="05 Mar 2018 17:55:13 GMT" time="189.004" errors="0">
  <testcase name="execute" time="189.004" classname="frameworkLibrary.Exec"/>
</testsuite> <!-- frameworkLibrary.Exec -->
