<?xml version="1.0" encoding="UTF-8"?>
<!-- Generated by org.testng.reporters.JUnitReportReporter -->
<testsuite skipped="0" hostname="MD-LAP-019" name="AutomationSuites.webApp.P1_TestCases" tests="1" failures="0" timestamp="28 Feb 2018 15:18:45 GMT" time="118.099" errors="0">
  <testcase name="testt" time="118.099" classname="AutomationSuites.webApp.P1_TestCases"/>
</testsuite> <!-- AutomationSuites.webApp.P1_TestCases -->
